[25-04-2024 18:36:28] [31merror[39m: [31mbad auth : Authentication failed.[39m
[25-04-2024 18:39:25] [31merror[39m: [31mbad auth : Authentication failed.[39m
[25-04-2024 18:39:30] [31merror[39m: [31mGET /favicon.ico 404[39m
[25-04-2024 18:47:45] [31merror[39m: [31mbad auth : Authentication failed.[39m
[25-04-2024 18:48:06] [31merror[39m: [31mError in getAllMessages: Cannot read properties of null (reading 'getAll')[39m
[25-04-2024 18:52:11] [31merror[39m: [31mbad auth : Authentication failed.[39m
[25-04-2024 18:53:46] [31merror[39m: [31mbad auth : Authentication failed.[39m
[25-04-2024 18:54:00] [31merror[39m: [31mbad auth : Authentication failed.[39m
[25-04-2024 18:54:18] [31merror[39m: [31mError in getAllMessages: Cannot read properties of null (reading 'getAll')[39m
[25-04-2024 18:57:34] [31merror[39m: [31mError in getAllMessages: Cannot read properties of null (reading 'getAll')[39m
[25-04-2024 18:59:26] [31merror[39m: [31mbad auth : Authentication failed.[39m
[25-04-2024 19:00:01] [31merror[39m: [31mbad auth : Authentication failed.[39m
[25-04-2024 19:00:54] [31merror[39m: [31mPOST /auth/login 404[39m
[25-04-2024 19:00:58] [31merror[39m: [31mPOST /auth/login 404[39m
[25-04-2024 19:00:58] [31merror[39m: [31mError in getAllMessages: Cannot read properties of null (reading 'getAll')[39m
[25-04-2024 19:02:04] [31merror[39m: [31mbad auth : Authentication failed.[39m
[25-04-2024 19:02:21] [31merror[39m: [31mError in getAllMessages: Operation `messages.find()` buffering timed out after 10000ms[39m
[25-04-2024 19:06:55] [31merror[39m: [31mbad auth : Authentication failed.[39m
[25-04-2024 19:07:23] [31merror[39m: [31mError in getAllMessages: Operation `messages.find()` buffering timed out after 10000ms[39m
[25-04-2024 19:08:50] [31merror[39m: [31mbad auth : Authentication failed.[39m
[25-04-2024 19:11:59] [31merror[39m: [31mbad auth : Authentication failed.[39m
[25-04-2024 19:12:03] [31merror[39m: [31mGET /favicon.ico 404[39m
[25-04-2024 19:12:16] [31merror[39m: [31mPOST /auth/login 404[39m
[25-04-2024 19:12:26] [31merror[39m: [31mError in getAllMessages: Operation `messages.find()` buffering timed out after 10000ms[39m
[25-04-2024 19:13:50] [31merror[39m: [31mbad auth : Authentication failed.[39m
[25-04-2024 19:13:59] [31merror[39m: [31mError in getAllMessages: Operation `messages.find()` buffering timed out after 10000ms[39m
[25-04-2024 19:14:33] [31merror[39m: [31mbad auth : Authentication failed.[39m
[25-04-2024 19:14:54] [31merror[39m: [31mPOST /auth/login 404[39m
[25-04-2024 19:14:58] [31merror[39m: [31mPOST /auth/login 404[39m
[25-04-2024 19:15:08] [31merror[39m: [31mError in getAllMessages: Operation `messages.find()` buffering timed out after 10000ms[39m
[25-04-2024 19:26:03] [31merror[39m: [31mbad auth : Authentication failed.[39m
[25-04-2024 19:26:17] [31merror[39m: [31mError in getAllMessages: Operation `messages.find()` buffering timed out after 10000ms[39m
[25-04-2024 19:27:46] [31merror[39m: [31mbad auth : Authentication failed.[39m
[25-04-2024 19:27:54] [31merror[39m: [31mGET /favicon.ico 404[39m
[25-04-2024 19:28:17] [31merror[39m: [31mPOST /auth/login 404[39m
[25-04-2024 19:28:19] [31merror[39m: [31mPOST /auth/login 404[39m
[25-04-2024 19:28:29] [31merror[39m: [31mError in getAllMessages: Operation `messages.find()` buffering timed out after 10000ms[39m
[25-04-2024 19:28:54] [31merror[39m: [31mbad auth : Authentication failed.[39m
[25-04-2024 19:29:09] [31merror[39m: [31mError in getAllMessages: Operation `messages.find()` buffering timed out after 10000ms[39m
[25-04-2024 19:31:02] [31merror[39m: [31mbad auth : Authentication failed.[39m
[25-04-2024 19:31:27] [31merror[39m: [31mPOST /auth/login 404[39m
[25-04-2024 19:31:35] [31merror[39m: [31mError in getAllMessages: Operation `messages.find()` buffering timed out after 10000ms[39m
[25-04-2024 19:32:23] [31merror[39m: [31mbad auth : Authentication failed.[39m
[25-04-2024 19:32:57] [31merror[39m: [31mGET /favicon.ico 404[39m
[25-04-2024 19:33:25] [31merror[39m: [31mGET /assets/js/bootstrap.min.js.map 404[39m
[25-04-2024 19:33:25] [31merror[39m: [31mGET /assets/js/bootstrap.min.js.map 404[39m
[25-04-2024 19:36:06] [31merror[39m: [31mbad auth : Authentication failed.[39m
[25-04-2024 19:36:29] [31merror[39m: [31mPOST /auth/login 404[39m
[25-04-2024 19:36:39] [31merror[39m: [31mError in getAllMessages: Operation `messages.find()` buffering timed out after 10000ms[39m
[25-04-2024 19:37:16] [31merror[39m: [31mbad auth : Authentication failed.[39m
[25-04-2024 19:37:35] [31merror[39m: [31mPOST /auth/login 404[39m
[25-04-2024 20:56:51] [31merror[39m: [31mbad auth : Authentication failed.[39m
[25-04-2024 20:58:12] [31merror[39m: [31mbad auth : Authentication failed.[39m
[25-04-2024 20:58:37] [31merror[39m: [31mPOST /auth/login 404[39m
[25-04-2024 21:05:46] [31merror[39m: [31mbad auth : Authentication failed.[39m
[25-04-2024 21:06:14] [31merror[39m: [31mPOST /auth/register 400[39m
[25-04-2024 21:19:04] [31merror[39m: [31mPOST /auth/register 400[39m
[25-04-2024 21:23:13] [31merror[39m: [31mbad auth : Authentication failed.[39m
[25-04-2024 22:30:37] [31merror[39m: [31mbad auth : Authentication failed.[39m
[25-04-2024 22:30:51] [31merror[39m: [31mGET /socket.io/?EIO=4&transport=polling&t=OyO1j6e 404[39m
[25-04-2024 22:30:51] [31merror[39m: [31mGET /socket.io/?EIO=4&transport=polling&t=OyO1j6e 404[39m
[25-04-2024 22:30:51] [31merror[39m: [31mbad auth : Authentication failed.[39m
[25-04-2024 22:30:52] [31merror[39m: [31mGET /socket.io/?EIO=4&transport=polling&t=OyO1jM8 404[39m
[25-04-2024 22:30:53] [31merror[39m: [31mGET /socket.io/?EIO=4&transport=polling&t=OyO1jbt 404[39m
[25-04-2024 22:30:53] [31merror[39m: [31mGET /socket.io/?EIO=4&transport=polling&t=OyO1jbt 404[39m
[25-04-2024 22:30:54] [31merror[39m: [31mGET /socket.io/?EIO=4&transport=polling&t=OyO1jrX 404[39m
[25-04-2024 22:30:58] [31merror[39m: [31mGET /socket.io/?EIO=4&transport=polling&t=OyO1kpx 404[39m
[25-04-2024 22:30:58] [31merror[39m: [31mGET /socket.io/?EIO=4&transport=polling&t=OyO1kpx 404[39m
[25-04-2024 22:30:59] [31merror[39m: [31mGET /socket.io/?EIO=4&transport=polling&t=OyO1l3b 404[39m
[25-04-2024 22:31:04] [31merror[39m: [31mGET /socket.io/?EIO=4&transport=polling&t=OyO1mHp 404[39m
[25-04-2024 22:31:04] [31merror[39m: [31mGET /socket.io/?EIO=4&transport=polling&t=OyO1mHp 404[39m
[25-04-2024 22:31:05] [31merror[39m: [31mGET /socket.io/?EIO=4&transport=polling&t=OyO1mXH 404[39m
[25-04-2024 22:31:10] [31merror[39m: [31mGET /socket.io/?EIO=4&transport=polling&t=OyO1nlU 404[39m
[25-04-2024 22:31:10] [31merror[39m: [31mGET /socket.io/?EIO=4&transport=polling&t=OyO1nlU 404[39m
[25-04-2024 22:31:11] [31merror[39m: [31mGET /socket.io/?EIO=4&transport=polling&t=OyO1n_8 404[39m
[25-04-2024 22:31:13] [31merror[39m: [31mbad auth : Authentication failed.[39m
[25-04-2024 22:39:56] [31merror[39m: [31mbad auth : Authentication failed.[39m
[25-04-2024 22:40:38] [31merror[39m: [31mPOST /auth/register 400[39m
[25-04-2024 22:41:37] [31merror[39m: [31mPOST /auth/login 404[39m
[25-04-2024 22:44:40] [31merror[39m: [31mGET /products 404[39m
